Parsed 2604 rows from data/sim_train_spectrum_Au.
Parsed 2604 rows from data/sim_train_labels_Au.
Parsed 9765 rows from data/gen_spectrum_Au_00-of-16.
Parsed 9765 rows from data/gen_labels_Au_00-of-16.
Parsed 9765 rows from data/gen_spectrum_Au_01-of-16.
Parsed 9765 rows from data/gen_labels_Au_01-of-16.
Parsed 9765 rows from data/gen_spectrum_Au_02-of-16.
Parsed 9765 rows from data/gen_labels_Au_02-of-16.
Parsed 9765 rows from data/gen_spectrum_Au_03-of-16.
Parsed 9765 rows from data/gen_labels_Au_03-of-16.
Parsed 9765 rows from data/gen_spectrum_Au_04-of-16.
Parsed 9765 rows from data/gen_labels_Au_04-of-16.
Parsed 9765 rows from data/gen_spectrum_Au_05-of-16.
Parsed 9765 rows from data/gen_labels_Au_05-of-16.
Parsed 9765 rows from data/gen_spectrum_Au_06-of-16.
Parsed 9765 rows from data/gen_labels_Au_06-of-16.
Parsed 9765 rows from data/gen_spectrum_Au_07-of-16.
Parsed 9765 rows from data/gen_labels_Au_07-of-16.
Parsed 9765 rows from data/gen_spectrum_Au_08-of-16.
Parsed 9765 rows from data/gen_labels_Au_08-of-16.
Parsed 9765 rows from data/gen_spectrum_Au_09-of-16.
Parsed 9765 rows from data/gen_labels_Au_09-of-16.
Parsed 9765 rows from data/gen_spectrum_Au_10-of-16.
Parsed 9765 rows from data/gen_labels_Au_10-of-16.
Parsed 9765 rows from data/gen_spectrum_Au_11-of-16.
Parsed 9765 rows from data/gen_labels_Au_11-of-16.
Parsed 9765 rows from data/gen_spectrum_Au_12-of-16.
Parsed 9765 rows from data/gen_labels_Au_12-of-16.
Parsed 9765 rows from data/gen_spectrum_Au_13-of-16.
Parsed 9765 rows from data/gen_labels_Au_13-of-16.
Parsed 9765 rows from data/gen_spectrum_Au_14-of-16.
Parsed 9765 rows from data/gen_labels_Au_14-of-16.
Parsed 9765 rows from data/gen_spectrum_Au_15-of-16.
Parsed 9765 rows from data/gen_labels_Au_15-of-16.
Parsed 1302 rows from data/sim_validation_spectrum_Au.
Parsed 1302 rows from data/sim_validation_labels_Au.
Logging training progress to tensorboard dir runs/twolayerfc-lr_0.000100-trainsize_158844-05_01_2020_05:00.
